<?xml version="1.0" encoding="UTF-8"?>
<!DOCTYPE properties SYSTEM "http://java.sun.com/dtd/properties.dtd">
<properties version="1.0">
    <comment>Sample test run arguments</comment>
    <entry key="iut">https://schemas.opengis.net/citygml/examples/2.0/appearance/Appearance-EPSG25832.gml</entry>
</properties>
